app/build/intermediates/manifest_merge_blame_file/debug/processDebugMainManifest/manifest-merger-blame-debug-report.txt
1<?xml version="1.0" encoding="utf-8"?>
2<manifest xmlns:android="http://schemas.android.com/apk/res/android"
3    package="uz.yuk24.driver"
4    android:versionCode="1"
5    android:versionName="1.0.0" >
6
7    <uses-sdk
8        android:minSdkVersion="26"
9        android:targetSdkVersion="35" />
10
11    <uses-permission android:name="android.permission.INTERNET" />
11-->src\main\AndroidManifest.xml:5:5-67
11-->src\main\AndroidManifest.xml:5:22-64
12    <uses-permission android:name="android.permission.ACCESS_NETWORK_STATE" />
12-->src\main\AndroidManifest.xml:6:5-79
12-->src\main\AndroidManifest.xml:6:22-76
13    <uses-permission android:name="android.permission.ACCESS_FINE_LOCATION" />
13-->src\main\AndroidManifest.xml:7:5-79
13-->src\main\AndroidManifest.xml:7:22-76
14    <uses-permission android:name="android.permission.ACCESS_COARSE_LOCATION" />
14-->src\main\AndroidManifest.xml:8:5-81
14-->src\main\AndroidManifest.xml:8:22-78
15    <uses-permission android:name="android.permission.FOREGROUND_SERVICE" />
15-->src\main\AndroidManifest.xml:9:5-77
15-->src\main\AndroidManifest.xml:9:22-74
16    <uses-permission android:name="android.permission.FOREGROUND_SERVICE_LOCATION" />
16-->src\main\AndroidManifest.xml:10:5-86
16-->src\main\AndroidManifest.xml:10:22-83
17    <uses-permission android:name="android.permission.POST_NOTIFICATIONS" />
17-->src\main\AndroidManifest.xml:11:5-77
17-->src\main\AndroidManifest.xml:11:22-74
18    <uses-permission
18-->src\main\AndroidManifest.xml:12:5-14:40
19        android:name="android.permission.WRITE_EXTERNAL_STORAGE"
19-->src\main\AndroidManifest.xml:12:22-78
20        android:maxSdkVersion="29" />
20-->src\main\AndroidManifest.xml:13:9-35
21
22    <permission
22-->[androidx.core:core:1.13.1] AndroidManifest.xml:22:5-24:47
23        android:name="uz.yuk24.driver.DYNAMIC_RECEIVER_NOT_EXPORTED_PERMISSION"
23-->[androidx.core:core:1.13.1] AndroidManifest.xml:23:9-81
24        android:protectionLevel="signature" />
24-->[androidx.core:core:1.13.1] AndroidManifest.xml:24:9-44
25
26    <uses-permission android:name="uz.yuk24.driver.DYNAMIC_RECEIVER_NOT_EXPORTED_PERMISSION" />
26-->[androidx.core:core:1.13.1] AndroidManifest.xml:26:5-97
26-->[androidx.core:core:1.13.1] AndroidManifest.xml:26:22-94
27
28    <supports-screens
28-->[org.osmdroid:osmdroid-android:6.1.18] AndroidManifest.xml:9:5-12:40
29        android:anyDensity="true"
29-->[org.osmdroid:osmdroid-android:6.1.18] AndroidManifest.xml:10:9-34
30        android:largeScreens="true"
30-->[org.osmdroid:osmdroid-android:6.1.18] AndroidManifest.xml:11:9-36
31        android:normalScreens="true" />
31-->[org.osmdroid:osmdroid-android:6.1.18] AndroidManifest.xml:12:9-37
32
33    <uses-feature
33-->[org.osmdroid:osmdroid-android:6.1.18] AndroidManifest.xml:14:5-16:36
34        android:name="android.hardware.location.network"
34-->[org.osmdroid:osmdroid-android:6.1.18] AndroidManifest.xml:15:9-57
35        android:required="false" />
35-->[org.osmdroid:osmdroid-android:6.1.18] AndroidManifest.xml:16:9-33
36    <uses-feature
36-->[org.osmdroid:osmdroid-android:6.1.18] AndroidManifest.xml:17:5-19:36
37        android:name="android.hardware.location.gps"
37-->[org.osmdroid:osmdroid-android:6.1.18] AndroidManifest.xml:18:9-53
38        android:required="false" />
38-->[org.osmdroid:osmdroid-android:6.1.18] AndroidManifest.xml:19:9-33
39    <uses-feature
39-->[org.osmdroid:osmdroid-android:6.1.18] AndroidManifest.xml:20:5-22:36
40        android:name="android.hardware.telephony"
40-->[org.osmdroid:osmdroid-android:6.1.18] AndroidManifest.xml:21:9-50
41        android:required="false" />
41-->[org.osmdroid:osmdroid-android:6.1.18] AndroidManifest.xml:22:9-33
42    <uses-feature
42-->[org.osmdroid:osmdroid-android:6.1.18] AndroidManifest.xml:23:5-25:36
43        android:name="android.hardware.wifi"
43-->[org.osmdroid:osmdroid-android:6.1.18] AndroidManifest.xml:24:9-45
44        android:required="false" />
44-->[org.osmdroid:osmdroid-android:6.1.18] AndroidManifest.xml:25:9-33
45
46    <application
46-->src\main\AndroidManifest.xml:16:5-43:19
47        android:name="uz.yuk24.driver.YukDriverApplication"
47-->src\main\AndroidManifest.xml:17:9-45
48        android:allowBackup="true"
48-->src\main\AndroidManifest.xml:18:9-35
49        android:appComponentFactory="androidx.core.app.CoreComponentFactory"
49-->[androidx.core:core:1.13.1] AndroidManifest.xml:28:18-86
50        android:debuggable="true"
51        android:extractNativeLibs="false"
52        android:icon="@mipmap/ic_launcher"
52-->src\main\AndroidManifest.xml:19:9-43
53        android:label="@string/app_name"
53-->src\main\AndroidManifest.xml:20:9-41
54        android:networkSecurityConfig="@xml/network_security_config"
54-->src\main\AndroidManifest.xml:23:9-69
55        android:roundIcon="@mipmap/ic_launcher_round"
55-->src\main\AndroidManifest.xml:21:9-54
56        android:supportsRtl="true"
56-->src\main\AndroidManifest.xml:22:9-35
57        android:theme="@style/Theme.YUK24Driver" >
57-->src\main\AndroidManifest.xml:24:9-49
58        <activity
58-->src\main\AndroidManifest.xml:27:9-36:20
59            android:name="uz.yuk24.driver.MainActivity"
59-->src\main\AndroidManifest.xml:28:13-41
60            android:configChanges="orientation|screenSize|smallestScreenSize|screenLayout|uiMode|locale|layoutDirection"
60-->src\main\AndroidManifest.xml:30:13-121
61            android:exported="true"
61-->src\main\AndroidManifest.xml:29:13-36
62            android:theme="@style/Theme.YUK24Driver" >
62-->src\main\AndroidManifest.xml:31:13-53
63            <intent-filter>
63-->src\main\AndroidManifest.xml:32:13-35:29
64                <action android:name="android.intent.action.MAIN" />
64-->src\main\AndroidManifest.xml:33:17-69
64-->src\main\AndroidManifest.xml:33:25-66
65
66                <category android:name="android.intent.category.LAUNCHER" />
66-->src\main\AndroidManifest.xml:34:17-77
66-->src\main\AndroidManifest.xml:34:27-74
67            </intent-filter>
68        </activity>
69
70        <service
70-->src\main\AndroidManifest.xml:38:9-41:56
71            android:name="uz.yuk24.driver.service.LocationForegroundService"
71-->src\main\AndroidManifest.xml:39:13-62
72            android:exported="false"
72-->src\main\AndroidManifest.xml:40:13-37
73            android:foregroundServiceType="location" />
73-->src\main\AndroidManifest.xml:41:13-53
74
75        <activity
75-->[com.google.android.gms:play-services-base:18.5.0] AndroidManifest.xml:5:9-173
76            android:name="com.google.android.gms.common.api.GoogleApiActivity"
76-->[com.google.android.gms:play-services-base:18.5.0] AndroidManifest.xml:5:19-85
77            android:exported="false"
77-->[com.google.android.gms:play-services-base:18.5.0] AndroidManifest.xml:5:146-170
78            android:theme="@android:style/Theme.Translucent.NoTitleBar" />
78-->[com.google.android.gms:play-services-base:18.5.0] AndroidManifest.xml:5:86-145
79
80        <meta-data
80-->[com.google.android.gms:play-services-basement:18.4.0] AndroidManifest.xml:6:9-122
81            android:name="com.google.android.gms.version"
81-->[com.google.android.gms:play-services-basement:18.4.0] AndroidManifest.xml:6:20-65
82            android:value="@integer/google_play_services_version" />
82-->[com.google.android.gms:play-services-basement:18.4.0] AndroidManifest.xml:6:66-119
83
84        <activity
84-->[androidx.compose.ui:ui-tooling-android:1.7.2] AndroidManifest.xml:23:9-25:39
85            android:name="androidx.compose.ui.tooling.PreviewActivity"
85-->[androidx.compose.ui:ui-tooling-android:1.7.2] AndroidManifest.xml:24:13-71
86            android:exported="true" />
86-->[androidx.compose.ui:ui-tooling-android:1.7.2] AndroidManifest.xml:25:13-36
87
88        <provider
88-->[androidx.lifecycle:lifecycle-process:2.8.6] AndroidManifest.xml:24:9-32:20
89            android:name="androidx.startup.InitializationProvider"
89-->[androidx.lifecycle:lifecycle-process:2.8.6] AndroidManifest.xml:25:13-67
90            android:authorities="uz.yuk24.driver.androidx-startup"
90-->[androidx.lifecycle:lifecycle-process:2.8.6] AndroidManifest.xml:26:13-68
91            android:exported="false" >
91-->[androidx.lifecycle:lifecycle-process:2.8.6] AndroidManifest.xml:27:13-37
92            <meta-data
92-->[androidx.lifecycle:lifecycle-process:2.8.6] AndroidManifest.xml:29:13-31:52
93                android:name="androidx.lifecycle.ProcessLifecycleInitializer"
93-->[androidx.lifecycle:lifecycle-process:2.8.6] AndroidManifest.xml:30:17-78
94                android:value="androidx.startup" />
94-->[androidx.lifecycle:lifecycle-process:2.8.6] AndroidManifest.xml:31:17-49
95            <meta-data
95-->[androidx.emoji2:emoji2:1.3.0] AndroidManifest.xml:29:13-31:52
96                android:name="androidx.emoji2.text.EmojiCompatInitializer"
96-->[androidx.emoji2:emoji2:1.3.0] AndroidManifest.xml:30:17-75
97                android:value="androidx.startup" />
97-->[androidx.emoji2:emoji2:1.3.0] AndroidManifest.xml:31:17-49
98            <meta-data
98-->[androidx.profileinstaller:profileinstaller:1.3.1] AndroidManifest.xml:29:13-31:52
99                android:name="androidx.profileinstaller.ProfileInstallerInitializer"
99-->[androidx.profileinstaller:profileinstaller:1.3.1] AndroidManifest.xml:30:17-85
100                android:value="androidx.startup" />
100-->[androidx.profileinstaller:profileinstaller:1.3.1] AndroidManifest.xml:31:17-49
101        </provider>
102
103        <receiver
103-->[androidx.profileinstaller:profileinstaller:1.3.1] AndroidManifest.xml:34:9-52:20
104            android:name="androidx.profileinstaller.ProfileInstallReceiver"
104-->[androidx.profileinstaller:profileinstaller:1.3.1] AndroidManifest.xml:35:13-76
105            android:directBootAware="false"
105-->[androidx.profileinstaller:profileinstaller:1.3.1] AndroidManifest.xml:36:13-44
106            android:enabled="true"
106-->[androidx.profileinstaller:profileinstaller:1.3.1] AndroidManifest.xml:37:13-35
107            android:exported="true"
107-->[androidx.profileinstaller:profileinstaller:1.3.1] AndroidManifest.xml:38:13-36
108            android:permission="android.permission.DUMP" >
108-->[androidx.profileinstaller:profileinstaller:1.3.1] AndroidManifest.xml:39:13-57
109            <intent-filter>
109-->[androidx.profileinstaller:profileinstaller:1.3.1] AndroidManifest.xml:40:13-42:29
110                <action android:name="androidx.profileinstaller.action.INSTALL_PROFILE" />
110-->[androidx.profileinstaller:profileinstaller:1.3.1] AndroidManifest.xml:41:17-91
110-->[androidx.profileinstaller:profileinstaller:1.3.1] AndroidManifest.xml:41:25-88
111            </intent-filter>
112            <intent-filter>
112-->[androidx.profileinstaller:profileinstaller:1.3.1] AndroidManifest.xml:43:13-45:29
113                <action android:name="androidx.profileinstaller.action.SKIP_FILE" />
113-->[androidx.profileinstaller:profileinstaller:1.3.1] AndroidManifest.xml:44:17-85
113-->[androidx.profileinstaller:profileinstaller:1.3.1] AndroidManifest.xml:44:25-82
114            </intent-filter>
115            <intent-filter>
115-->[androidx.profileinstaller:profileinstaller:1.3.1] AndroidManifest.xml:46:13-48:29
116                <action android:name="androidx.profileinstaller.action.SAVE_PROFILE" />
116-->[androidx.profileinstaller:profileinstaller:1.3.1] AndroidManifest.xml:47:17-88
116-->[androidx.profileinstaller:profileinstaller:1.3.1] AndroidManifest.xml:47:25-85
117            </intent-filter>
118            <intent-filter>
118-->[androidx.profileinstaller:profileinstaller:1.3.1] AndroidManifest.xml:49:13-51:29
119                <action android:name="androidx.profileinstaller.action.BENCHMARK_OPERATION" />
119-->[androidx.profileinstaller:profileinstaller:1.3.1] AndroidManifest.xml:50:17-95
119-->[androidx.profileinstaller:profileinstaller:1.3.1] AndroidManifest.xml:50:25-92
120            </intent-filter>
121        </receiver>
122    </application>
123
124</manifest>